Started GET "/" for ::1 at 2020-01-10 10:47:16 +0000
  [1m[35m (1.5ms)[0m  [1m[34mSELECT sqlite_version(*)[0m
  
ActiveRecord::PendingMigrationError (

Migrations are pending. To resolve this issue, run:

        rails db:migrate RAILS_ENV=development

):
  
activerecord (6.0.2.1) lib/active_record/migration.rb:587:in `check_pending!'
activerecord (6.0.2.1) lib/active_record/migration.rb:564:in `call'
actionpack (6.0.2.1) lib/action_dispatch/middleware/callbacks.rb:27:in `block in call'
activesupport (6.0.2.1) lib/active_support/callbacks.rb:101:in `run_callbacks'
actionpack (6.0.2.1) lib/action_dispatch/middleware/callbacks.rb:26:in `call'
actionpack (6.0.2.1) lib/action_dispatch/middleware/executor.rb:14:in `call'
actionpack (6.0.2.1) lib/action_dispatch/middleware/actionable_exceptions.rb:17:in `call'
actionpack (6.0.2.1) lib/action_dispatch/middleware/debug_exceptions.rb:32:in `call'
web-console (4.0.1) lib/web_console/middleware.rb:132:in `call_app'
web-console (4.0.1) lib/web_console/middleware.rb:28:in `block in call'
web-console (4.0.1) lib/web_console/middleware.rb:17:in `catch'
web-console (4.0.1) lib/web_console/middleware.rb:17:in `call'
actionpack (6.0.2.1) lib/action_dispatch/middleware/show_exceptions.rb:33:in `call'
railties (6.0.2.1) lib/rails/rack/logger.rb:38:in `call_app'
railties (6.0.2.1) lib/rails/rack/logger.rb:26:in `block in call'
activesupport (6.0.2.1) lib/active_support/tagged_logging.rb:80:in `block in tagged'
activesupport (6.0.2.1) lib/active_support/tagged_logging.rb:28:in `tagged'
activesupport (6.0.2.1) lib/active_support/tagged_logging.rb:80:in `tagged'
railties (6.0.2.1) lib/rails/rack/logger.rb:26:in `call'
sprockets-rails (3.2.1) lib/sprockets/rails/quiet_assets.rb:13:in `call'
actionpack (6.0.2.1) lib/action_dispatch/middleware/remote_ip.rb:81:in `call'
actionpack (6.0.2.1) lib/action_dispatch/middleware/request_id.rb:27:in `call'
rack (2.0.8) lib/rack/method_override.rb:22:in `call'
rack (2.0.8) lib/rack/runtime.rb:22:in `call'
activesupport (6.0.2.1) lib/active_support/cache/strategy/local_cache_middleware.rb:29:in `call'
actionpack (6.0.2.1) lib/action_dispatch/middleware/executor.rb:14:in `call'
actionpack (6.0.2.1) lib/action_dispatch/middleware/static.rb:126:in `call'
rack (2.0.8) lib/rack/sendfile.rb:111:in `call'
actionpack (6.0.2.1) lib/action_dispatch/middleware/host_authorization.rb:83:in `call'
webpacker (4.2.2) lib/webpacker/dev_server_proxy.rb:23:in `perform_request'
rack-proxy (0.6.5) lib/rack/proxy.rb:57:in `call'
railties (6.0.2.1) lib/rails/engine.rb:526:in `call'
puma (4.3.1) lib/puma/configuration.rb:228:in `call'
puma (4.3.1) lib/puma/server.rb:681:in `handle_request'
puma (4.3.1) lib/puma/server.rb:472:in `process_client'
puma (4.3.1) lib/puma/server.rb:328:in `block in run'
puma (4.3.1) lib/puma/thread_pool.rb:134:in `block in spawn_thread'
Started POST "/rails/actions" for ::1 at 2020-01-10 10:47:19 +0000
  [1m[35m (3.5ms)[0m  [1m[35mCREATE TABLE "schema_migrations" ("version" varchar NOT NULL PRIMARY KEY)[0m
  [1m[35m (3.4ms)[0m  [1m[35mCREATE TABLE "ar_internal_metadata" ("key" varchar NOT NULL PRIMARY KEY, "value" varchar, "created_at" datetime(6) NOT NULL, "updated_at" datetime(6) NOT NULL)[0m
  [1m[35m (0.2ms)[0m  [1m[34mSELECT "schema_migrations"."version" FROM "schema_migrations" ORDER BY "schema_migrations"."version" ASC[0m
Migrating to CreateFilms (20200110103855)
  [1m[35m (0.1ms)[0m  [1m[36mbegin transaction[0m
  [1m[35m (0.4ms)[0m  [1m[35mCREATE TABLE "films" ("id" integer PRIMARY KEY AUTOINCREMENT NOT NULL, "title" varchar, "runtime" integer, "director" varchar, "genre" varchar, "release_date" date, "created_at" datetime(6) NOT NULL, "updated_at" datetime(6) NOT NULL)[0m
  [1m[36mprimary::SchemaMigration Create (0.3ms)[0m  [1m[32mINSERT INTO "schema_migrations" ("version") VALUES (?)[0m  [["version", "20200110103855"]]
  [1m[35m (1.0ms)[0m  [1m[36mcommit transaction[0m
  [1m[36mActiveRecord::InternalMetadata Load (0.2ms)[0m  [1m[34mSELECT "ar_internal_metadata".* FROM "ar_internal_metadata" WHERE "ar_internal_metadata"."key" = ? LIMIT ?[0m  [["key", "environment"], ["LIMIT", 1]]
  [1m[35m (0.1ms)[0m  [1m[36mbegin transaction[0m
  [1m[36mActiveRecord::InternalMetadata Create (0.5ms)[0m  [1m[32mINSERT INTO "ar_internal_metadata" ("key", "value", "created_at", "updated_at") VALUES (?, ?, ?, ?)[0m  [["key", "environment"], ["value", "development"], ["created_at", "2020-01-10 10:47:19.463714"], ["updated_at", "2020-01-10 10:47:19.463714"]]
  [1m[35m (1.8ms)[0m  [1m[36mcommit transaction[0m
Started GET "/" for ::1 at 2020-01-10 10:47:19 +0000
  [1m[35m (0.1ms)[0m  [1m[34mSELECT "schema_migrations"."version" FROM "schema_migrations" ORDER BY "schema_migrations"."version" ASC[0m
Processing by Rails::WelcomeController#index as HTML
  Rendering /Users/sbarker/.rvm/gems/ruby-2.5.1/gems/railties-6.0.2.1/lib/rails/templates/rails/welcome/index.html.erb
  Rendered /Users/sbarker/.rvm/gems/ruby-2.5.1/gems/railties-6.0.2.1/lib/rails/templates/rails/welcome/index.html.erb (Duration: 10.8ms | Allocations: 200)
Completed 200 OK in 19ms (Views: 13.9ms | ActiveRecord: 0.0ms | Allocations: 1101)


Started GET "/films" for ::1 at 2020-01-10 10:47:51 +0000
  [1m[35m (4.0ms)[0m  [1m[34mSELECT sqlite_version(*)[0m
  [1m[35m (0.4ms)[0m  [1m[34mSELECT "schema_migrations"."version" FROM "schema_migrations" ORDER BY "schema_migrations"."version" ASC[0m
  
ActionController::RoutingError (No route matches [GET] "/films"):
  
actionpack (6.0.2.1) lib/action_dispatch/middleware/debug_exceptions.rb:36:in `call'
web-console (4.0.1) lib/web_console/middleware.rb:132:in `call_app'
web-console (4.0.1) lib/web_console/middleware.rb:28:in `block in call'
web-console (4.0.1) lib/web_console/middleware.rb:17:in `catch'
web-console (4.0.1) lib/web_console/middleware.rb:17:in `call'
actionpack (6.0.2.1) lib/action_dispatch/middleware/show_exceptions.rb:33:in `call'
railties (6.0.2.1) lib/rails/rack/logger.rb:38:in `call_app'
railties (6.0.2.1) lib/rails/rack/logger.rb:26:in `block in call'
activesupport (6.0.2.1) lib/active_support/tagged_logging.rb:80:in `block in tagged'
activesupport (6.0.2.1) lib/active_support/tagged_logging.rb:28:in `tagged'
activesupport (6.0.2.1) lib/active_support/tagged_logging.rb:80:in `tagged'
railties (6.0.2.1) lib/rails/rack/logger.rb:26:in `call'
sprockets-rails (3.2.1) lib/sprockets/rails/quiet_assets.rb:13:in `call'
actionpack (6.0.2.1) lib/action_dispatch/middleware/remote_ip.rb:81:in `call'
actionpack (6.0.2.1) lib/action_dispatch/middleware/request_id.rb:27:in `call'
rack (2.0.8) lib/rack/method_override.rb:22:in `call'
rack (2.0.8) lib/rack/runtime.rb:22:in `call'
activesupport (6.0.2.1) lib/active_support/cache/strategy/local_cache_middleware.rb:29:in `call'
actionpack (6.0.2.1) lib/action_dispatch/middleware/executor.rb:14:in `call'
actionpack (6.0.2.1) lib/action_dispatch/middleware/static.rb:126:in `call'
rack (2.0.8) lib/rack/sendfile.rb:111:in `call'
actionpack (6.0.2.1) lib/action_dispatch/middleware/host_authorization.rb:83:in `call'
webpacker (4.2.2) lib/webpacker/dev_server_proxy.rb:23:in `perform_request'
rack-proxy (0.6.5) lib/rack/proxy.rb:57:in `call'
railties (6.0.2.1) lib/rails/engine.rb:526:in `call'
puma (4.3.1) lib/puma/configuration.rb:228:in `call'
puma (4.3.1) lib/puma/server.rb:681:in `handle_request'
puma (4.3.1) lib/puma/server.rb:472:in `process_client'
puma (4.3.1) lib/puma/server.rb:328:in `block in run'
puma (4.3.1) lib/puma/thread_pool.rb:134:in `block in spawn_thread'
Started GET "/films/index" for ::1 at 2020-01-10 10:48:41 +0000
Processing by FilmsController#index as HTML
  Rendering films/index.html.erb within layouts/application
  Rendered films/index.html.erb within layouts/application (Duration: 0.5ms | Allocations: 90)
[Webpacker] Compiling...
[Webpacker] Compiled all packs in /Users/sbarker/cohorts/london-web-120919/13-rails-rest/film-reviews/public/packs
[Webpacker] Hash: 53154d7baad00c6a1252
Version: webpack 4.41.5
Time: 4737ms
Built at: 01/10/2020 10:48:49
                                     Asset       Size       Chunks                         Chunk Names
    js/application-0b67a3cc2fcde6055024.js    124 KiB  application  [emitted] [immutable]  application
js/application-0b67a3cc2fcde6055024.js.map    139 KiB  application  [emitted] [dev]        application
                             manifest.json  364 bytes               [emitted]              
Entrypoint application = js/application-0b67a3cc2fcde6055024.js js/application-0b67a3cc2fcde6055024.js.map
[./app/javascript/channels sync recursive _channel\.js$] ./app/javascript/channels sync _channel\.js$ 160 bytes {application} [built]
[./app/javascript/channels/index.js] 211 bytes {application} [built]
[./app/javascript/packs/application.js] 749 bytes {application} [built]
[./node_modules/webpack/buildin/module.js] (webpack)/buildin/module.js 552 bytes {application} [built]
    + 3 hidden modules

Completed 200 OK in 8294ms (Views: 8292.9ms | ActiveRecord: 0.0ms | Allocations: 20506)


Started GET "/films" for ::1 at 2020-01-10 10:50:45 +0000
  [1m[35m (0.3ms)[0m  [1m[34mSELECT sqlite_version(*)[0m
Processing by FilmsController#index as HTML
  Rendering films/index.html.erb within layouts/application
  Rendered films/index.html.erb within layouts/application (Duration: 0.0ms | Allocations: 5)
[Webpacker] Everything's up-to-date. Nothing to do
Completed 200 OK in 20ms (Views: 19.1ms | ActiveRecord: 0.0ms | Allocations: 4372)


Started GET "/films" for ::1 at 2020-01-10 10:51:17 +0000
  [1m[35m (0.2ms)[0m  [1m[34mSELECT sqlite_version(*)[0m
Processing by FilmsController#index as HTML
  Rendering films/destroy.html.erb within layouts/application
  Rendered films/destroy.html.erb within layouts/application (Duration: 2.9ms | Allocations: 93)
[Webpacker] Everything's up-to-date. Nothing to do
Completed 200 OK in 17ms (Views: 13.8ms | ActiveRecord: 0.0ms | Allocations: 4551)


Started GET "/films" for ::1 at 2020-01-10 10:54:35 +0000
  [1m[35m (7.0ms)[0m  [1m[34mSELECT sqlite_version(*)[0m
Processing by FilmsController#index as HTML
  Parameters: {"exclude"=>[:show]}
  Rendering films/index.html.erb within layouts/application
  Rendered films/index.html.erb within layouts/application (Duration: 0.1ms | Allocations: 5)
[Webpacker] Everything's up-to-date. Nothing to do
Completed 200 OK in 59ms (Views: 49.4ms | ActiveRecord: 0.0ms | Allocations: 4845)


Started GET "/films/1" for ::1 at 2020-01-10 10:54:37 +0000
Processing by FilmsController#show as HTML
  Parameters: {"exclude"=>[:show], "id"=>"1"}
  Rendering films/show.html.erb within layouts/application
  Rendered films/show.html.erb within layouts/application (Duration: 1.3ms | Allocations: 94)
[Webpacker] Everything's up-to-date. Nothing to do
Completed 200 OK in 38ms (Views: 33.2ms | ActiveRecord: 0.0ms | Allocations: 4477)


Started GET "/films/1" for ::1 at 2020-01-10 10:54:48 +0000
  [1m[35m (0.3ms)[0m  [1m[34mSELECT sqlite_version(*)[0m
  
ActionController::RoutingError (No route matches [GET] "/films/1"):
  
actionpack (6.0.2.1) lib/action_dispatch/middleware/debug_exceptions.rb:36:in `call'
web-console (4.0.1) lib/web_console/middleware.rb:132:in `call_app'
web-console (4.0.1) lib/web_console/middleware.rb:28:in `block in call'
web-console (4.0.1) lib/web_console/middleware.rb:17:in `catch'
web-console (4.0.1) lib/web_console/middleware.rb:17:in `call'
actionpack (6.0.2.1) lib/action_dispatch/middleware/show_exceptions.rb:33:in `call'
railties (6.0.2.1) lib/rails/rack/logger.rb:38:in `call_app'
railties (6.0.2.1) lib/rails/rack/logger.rb:26:in `block in call'
activesupport (6.0.2.1) lib/active_support/tagged_logging.rb:80:in `block in tagged'
activesupport (6.0.2.1) lib/active_support/tagged_logging.rb:28:in `tagged'
activesupport (6.0.2.1) lib/active_support/tagged_logging.rb:80:in `tagged'
railties (6.0.2.1) lib/rails/rack/logger.rb:26:in `call'
sprockets-rails (3.2.1) lib/sprockets/rails/quiet_assets.rb:13:in `call'
actionpack (6.0.2.1) lib/action_dispatch/middleware/remote_ip.rb:81:in `call'
actionpack (6.0.2.1) lib/action_dispatch/middleware/request_id.rb:27:in `call'
rack (2.0.8) lib/rack/method_override.rb:22:in `call'
rack (2.0.8) lib/rack/runtime.rb:22:in `call'
activesupport (6.0.2.1) lib/active_support/cache/strategy/local_cache_middleware.rb:29:in `call'
actionpack (6.0.2.1) lib/action_dispatch/middleware/executor.rb:14:in `call'
actionpack (6.0.2.1) lib/action_dispatch/middleware/static.rb:126:in `call'
rack (2.0.8) lib/rack/sendfile.rb:111:in `call'
actionpack (6.0.2.1) lib/action_dispatch/middleware/host_authorization.rb:83:in `call'
webpacker (4.2.2) lib/webpacker/dev_server_proxy.rb:23:in `perform_request'
rack-proxy (0.6.5) lib/rack/proxy.rb:57:in `call'
railties (6.0.2.1) lib/rails/engine.rb:526:in `call'
puma (4.3.1) lib/puma/configuration.rb:228:in `call'
puma (4.3.1) lib/puma/server.rb:681:in `handle_request'
puma (4.3.1) lib/puma/server.rb:472:in `process_client'
puma (4.3.1) lib/puma/server.rb:328:in `block in run'
puma (4.3.1) lib/puma/thread_pool.rb:134:in `block in spawn_thread'
Started GET "/films/1" for ::1 at 2020-01-10 10:56:29 +0000
  [1m[35m (0.1ms)[0m  [1m[34mSELECT sqlite_version(*)[0m
Processing by FilmsController#show as HTML
  Parameters: {"id"=>"1"}
  Rendering films/show.html.erb within layouts/application
  Rendered films/show.html.erb within layouts/application (Duration: 0.0ms | Allocations: 4)
[Webpacker] Everything's up-to-date. Nothing to do
Completed 200 OK in 26ms (Views: 25.2ms | ActiveRecord: 0.0ms | Allocations: 4370)


Started GET "/films" for ::1 at 2020-01-10 10:56:38 +0000
Processing by FilmsController#index as HTML
  Rendering films/index.html.erb within layouts/application
  Rendered films/index.html.erb within layouts/application (Duration: 0.1ms | Allocations: 4)
[Webpacker] Everything's up-to-date. Nothing to do
Completed 200 OK in 25ms (Views: 20.6ms | ActiveRecord: 0.0ms | Allocations: 4694)


  [1m[35m (1.7ms)[0m  [1m[34mSELECT sqlite_version(*)[0m
  [1m[35m (0.1ms)[0m  [1m[34mSELECT "schema_migrations"."version" FROM "schema_migrations" ORDER BY "schema_migrations"."version" ASC[0m
  [1m[36mActiveRecord::InternalMetadata Load (0.2ms)[0m  [1m[34mSELECT "ar_internal_metadata".* FROM "ar_internal_metadata" WHERE "ar_internal_metadata"."key" = ? LIMIT ?[0m  [["key", "environment"], ["LIMIT", 1]]
  [1m[35m (0.1ms)[0m  [1m[34mSELECT sqlite_version(*)[0m
  [1m[35m (0.3ms)[0m  [1m[34mSELECT "schema_migrations"."version" FROM "schema_migrations" ORDER BY "schema_migrations"."version" ASC[0m
  [1m[35m (1.0ms)[0m  [1m[34mSELECT sqlite_version(*)[0m
  [1m[35m (0.1ms)[0m  [1m[36mbegin transaction[0m
  [1m[36mFilm Create (3.0ms)[0m  [1m[32mINSERT INTO "films" ("title", "runtime", "director", "genre", "release_date", "created_at", "updated_at") VALUES (?, ?, ?, ?, ?, ?, ?)[0m  [["title", "start wars"], ["runtime", 125], ["director", "lucas"], ["genre", "scifi"], ["release_date", "2020-01-10"], ["created_at", "2020-01-10 11:01:10.185942"], ["updated_at", "2020-01-10 11:01:10.185942"]]
  [1m[35m (1.5ms)[0m  [1m[36mcommit transaction[0m
  [1m[36mFilm Load (0.6ms)[0m  [1m[34mSELECT "films".* FROM "films" LIMIT ?[0m  [["LIMIT", 11]]
Started GET "/films" for ::1 at 2020-01-10 11:02:03 +0000
  [1m[35m (0.1ms)[0m  [1m[34mSELECT sqlite_version(*)[0m
Processing by FilmsController#index as HTML
  Rendering films/index.html.erb within layouts/application
  [1m[36mFilm Load (0.2ms)[0m  [1m[34mSELECT "films".* FROM "films"[0m
  ↳ app/views/films/index.html.erb:2
  Rendered films/index.html.erb within layouts/application (Duration: 32.1ms | Allocations: 6894)
[Webpacker] Everything's up-to-date. Nothing to do
Completed 200 OK in 61ms (Views: 57.5ms | ActiveRecord: 1.3ms | Allocations: 12488)


Started GET "/films" for ::1 at 2020-01-10 11:02:36 +0000
Processing by FilmsController#index as HTML
  Rendering films/index.html.erb within layouts/application
  [1m[36mFilm Load (0.2ms)[0m  [1m[34mSELECT "films".* FROM "films"[0m
  ↳ app/views/films/index.html.erb:2
  Rendered films/index.html.erb within layouts/application (Duration: 2.8ms | Allocations: 720)
[Webpacker] Everything's up-to-date. Nothing to do
Completed 200 OK in 30ms (Views: 28.3ms | ActiveRecord: 0.2ms | Allocations: 5902)


Started GET "/films" for ::1 at 2020-01-10 11:03:15 +0000
Processing by FilmsController#index as HTML
  Rendering films/index.html.erb within layouts/application
  [1m[36mFilm Load (0.4ms)[0m  [1m[34mSELECT "films".* FROM "films"[0m
  ↳ app/views/films/index.html.erb:2
  Rendered films/index.html.erb within layouts/application (Duration: 8.2ms | Allocations: 778)
[Webpacker] Everything's up-to-date. Nothing to do
Completed 200 OK in 32ms (Views: 29.6ms | ActiveRecord: 0.4ms | Allocations: 5965)


Started GET "/films" for ::1 at 2020-01-10 11:03:21 +0000
Processing by FilmsController#index as HTML
  Rendering films/index.html.erb within layouts/application
  [1m[36mFilm Load (0.2ms)[0m  [1m[34mSELECT "films".* FROM "films"[0m
  ↳ app/views/films/index.html.erb:2
  Rendered films/index.html.erb within layouts/application (Duration: 8.3ms | Allocations: 641)
[Webpacker] Everything's up-to-date. Nothing to do
Completed 200 OK in 35ms (Views: 33.9ms | ActiveRecord: 0.2ms | Allocations: 4893)


Started GET "/films" for ::1 at 2020-01-10 11:03:23 +0000
Processing by FilmsController#index as HTML
  Rendering films/index.html.erb within layouts/application
  [1m[36mFilm Load (0.1ms)[0m  [1m[34mSELECT "films".* FROM "films"[0m
  ↳ app/views/films/index.html.erb:2
  Rendered films/index.html.erb within layouts/application (Duration: 2.0ms | Allocations: 628)
[Webpacker] Everything's up-to-date. Nothing to do
Completed 200 OK in 28ms (Views: 26.6ms | ActiveRecord: 0.1ms | Allocations: 4876)


Started GET "/films" for ::1 at 2020-01-10 11:03:23 +0000
Processing by FilmsController#index as HTML
  Rendering films/index.html.erb within layouts/application
  [1m[36mFilm Load (0.2ms)[0m  [1m[34mSELECT "films".* FROM "films"[0m
  ↳ app/views/films/index.html.erb:2
  Rendered films/index.html.erb within layouts/application (Duration: 2.3ms | Allocations: 630)
[Webpacker] Everything's up-to-date. Nothing to do
Completed 200 OK in 71ms (Views: 69.8ms | ActiveRecord: 0.2ms | Allocations: 4883)


Started GET "/films" for ::1 at 2020-01-10 11:04:00 +0000
Processing by FilmsController#index as HTML
  Rendering films/index.html.erb within layouts/application
  [1m[36mFilm Load (0.2ms)[0m  [1m[34mSELECT "films".* FROM "films"[0m
  ↳ app/views/films/index.html.erb:2
  Rendered films/index.html.erb within layouts/application (Duration: 20.4ms | Allocations: 800)
[Webpacker] Everything's up-to-date. Nothing to do
Completed 200 OK in 38ms (Views: 36.3ms | ActiveRecord: 0.2ms | Allocations: 5992)


Started GET "/films" for ::1 at 2020-01-10 11:04:47 +0000
Processing by FilmsController#index as HTML
  Rendering films/index.html.erb within layouts/application
  [1m[36mFilm Load (0.2ms)[0m  [1m[34mSELECT "films".* FROM "films"[0m
  ↳ app/views/films/index.html.erb:2
  Rendered films/index.html.erb within layouts/application (Duration: 2.6ms | Allocations: 803)
[Webpacker] Everything's up-to-date. Nothing to do
Completed 200 OK in 26ms (Views: 24.0ms | ActiveRecord: 0.2ms | Allocations: 5988)


Started GET "/films?film_id=1" for ::1 at 2020-01-10 11:05:02 +0000
Processing by FilmsController#index as HTML
  Parameters: {"film_id"=>"1"}
  Rendering films/index.html.erb within layouts/application
  [1m[36mFilm Load (0.2ms)[0m  [1m[34mSELECT "films".* FROM "films"[0m
  ↳ app/views/films/index.html.erb:2
  Rendered films/index.html.erb within layouts/application (Duration: 4.5ms | Allocations: 663)
[Webpacker] Everything's up-to-date. Nothing to do
Completed 200 OK in 35ms (Views: 33.6ms | ActiveRecord: 0.2ms | Allocations: 4906)


Started GET "/films?film_id=1" for ::1 at 2020-01-10 11:05:12 +0000
Processing by FilmsController#index as HTML
  Parameters: {"film_id"=>"1"}
  Rendering films/index.html.erb within layouts/application
  [1m[36mFilm Load (0.5ms)[0m  [1m[34mSELECT "films".* FROM "films"[0m
  ↳ app/views/films/index.html.erb:2
  Rendered films/index.html.erb within layouts/application (Duration: 275.6ms | Allocations: 76185)
Completed 500 Internal Server Error in 281ms (ActiveRecord: 0.5ms | Allocations: 77484)


  
ActionView::Template::Error (undefined method `film_path' for #<#<Class:0x00007fa0d4d96f80>:0x00007fa0d4d94de8>
Did you mean?  films_path):
    1: <h1>Films#index</h1>
    2: <% @films.each do |film| %>
    3:     <h2><%= link_to film.title, film_path(film) %></h2>
    4: <% end %>
  
app/views/films/index.html.erb:3
app/views/films/index.html.erb:2
Started GET "/films?film_id=1" for ::1 at 2020-01-10 11:07:05 +0000
  [1m[35m (0.1ms)[0m  [1m[34mSELECT sqlite_version(*)[0m
Processing by FilmsController#index as HTML
  Parameters: {"film_id"=>"1"}
  Rendering films/index.html.erb within layouts/application
  [1m[36mFilm Load (0.8ms)[0m  [1m[34mSELECT "films".* FROM "films"[0m
  ↳ app/views/films/index.html.erb:2
  Rendered films/index.html.erb within layouts/application (Duration: 77.5ms | Allocations: 6305)
[Webpacker] Everything's up-to-date. Nothing to do
Completed 200 OK in 108ms (Views: 97.6ms | ActiveRecord: 1.7ms | Allocations: 11309)


Started GET "/films" for ::1 at 2020-01-10 11:07:07 +0000
Processing by FilmsController#index as HTML
  Rendering films/index.html.erb within layouts/application
  [1m[36mFilm Load (0.1ms)[0m  [1m[34mSELECT "films".* FROM "films"[0m
  ↳ app/views/films/index.html.erb:2
  Rendered films/index.html.erb within layouts/application (Duration: 1.7ms | Allocations: 638)
[Webpacker] Everything's up-to-date. Nothing to do
Completed 200 OK in 19ms (Views: 17.5ms | ActiveRecord: 0.1ms | Allocations: 4885)


Started GET "/films/1" for ::1 at 2020-01-10 11:07:21 +0000
Processing by FilmsController#show as HTML
  Parameters: {"id"=>"1"}
  Rendering films/show.html.erb within layouts/application
  Rendered films/show.html.erb within layouts/application (Duration: 0.3ms | Allocations: 89)
[Webpacker] Everything's up-to-date. Nothing to do
Completed 200 OK in 15ms (Views: 13.3ms | ActiveRecord: 0.0ms | Allocations: 4473)


Started GET "/rfgrs" for ::1 at 2020-01-10 11:07:29 +0000
  
ActionController::RoutingError (No route matches [GET] "/rfgrs"):
  
actionpack (6.0.2.1) lib/action_dispatch/middleware/debug_exceptions.rb:36:in `call'
web-console (4.0.1) lib/web_console/middleware.rb:132:in `call_app'
web-console (4.0.1) lib/web_console/middleware.rb:28:in `block in call'
web-console (4.0.1) lib/web_console/middleware.rb:17:in `catch'
web-console (4.0.1) lib/web_console/middleware.rb:17:in `call'
actionpack (6.0.2.1) lib/action_dispatch/middleware/show_exceptions.rb:33:in `call'
railties (6.0.2.1) lib/rails/rack/logger.rb:38:in `call_app'
railties (6.0.2.1) lib/rails/rack/logger.rb:26:in `block in call'
activesupport (6.0.2.1) lib/active_support/tagged_logging.rb:80:in `block in tagged'
activesupport (6.0.2.1) lib/active_support/tagged_logging.rb:28:in `tagged'
activesupport (6.0.2.1) lib/active_support/tagged_logging.rb:80:in `tagged'
railties (6.0.2.1) lib/rails/rack/logger.rb:26:in `call'
sprockets-rails (3.2.1) lib/sprockets/rails/quiet_assets.rb:13:in `call'
actionpack (6.0.2.1) lib/action_dispatch/middleware/remote_ip.rb:81:in `call'
actionpack (6.0.2.1) lib/action_dispatch/middleware/request_id.rb:27:in `call'
rack (2.0.8) lib/rack/method_override.rb:22:in `call'
rack (2.0.8) lib/rack/runtime.rb:22:in `call'
activesupport (6.0.2.1) lib/active_support/cache/strategy/local_cache_middleware.rb:29:in `call'
actionpack (6.0.2.1) lib/action_dispatch/middleware/executor.rb:14:in `call'
actionpack (6.0.2.1) lib/action_dispatch/middleware/static.rb:126:in `call'
rack (2.0.8) lib/rack/sendfile.rb:111:in `call'
actionpack (6.0.2.1) lib/action_dispatch/middleware/host_authorization.rb:83:in `call'
webpacker (4.2.2) lib/webpacker/dev_server_proxy.rb:23:in `perform_request'
rack-proxy (0.6.5) lib/rack/proxy.rb:57:in `call'
railties (6.0.2.1) lib/rails/engine.rb:526:in `call'
puma (4.3.1) lib/puma/configuration.rb:228:in `call'
puma (4.3.1) lib/puma/server.rb:681:in `handle_request'
puma (4.3.1) lib/puma/server.rb:472:in `process_client'
puma (4.3.1) lib/puma/server.rb:328:in `block in run'
puma (4.3.1) lib/puma/thread_pool.rb:134:in `block in spawn_thread'
Started GET "/rfgrs" for ::1 at 2020-01-10 11:07:45 +0000
  
ActionController::RoutingError (No route matches [GET] "/rfgrs"):
  
actionpack (6.0.2.1) lib/action_dispatch/middleware/debug_exceptions.rb:36:in `call'
web-console (4.0.1) lib/web_console/middleware.rb:132:in `call_app'
web-console (4.0.1) lib/web_console/middleware.rb:28:in `block in call'
web-console (4.0.1) lib/web_console/middleware.rb:17:in `catch'
web-console (4.0.1) lib/web_console/middleware.rb:17:in `call'
actionpack (6.0.2.1) lib/action_dispatch/middleware/show_exceptions.rb:33:in `call'
railties (6.0.2.1) lib/rails/rack/logger.rb:38:in `call_app'
railties (6.0.2.1) lib/rails/rack/logger.rb:26:in `block in call'
activesupport (6.0.2.1) lib/active_support/tagged_logging.rb:80:in `block in tagged'
activesupport (6.0.2.1) lib/active_support/tagged_logging.rb:28:in `tagged'
activesupport (6.0.2.1) lib/active_support/tagged_logging.rb:80:in `tagged'
railties (6.0.2.1) lib/rails/rack/logger.rb:26:in `call'
sprockets-rails (3.2.1) lib/sprockets/rails/quiet_assets.rb:13:in `call'
actionpack (6.0.2.1) lib/action_dispatch/middleware/remote_ip.rb:81:in `call'
actionpack (6.0.2.1) lib/action_dispatch/middleware/request_id.rb:27:in `call'
rack (2.0.8) lib/rack/method_override.rb:22:in `call'
rack (2.0.8) lib/rack/runtime.rb:22:in `call'
activesupport (6.0.2.1) lib/active_support/cache/strategy/local_cache_middleware.rb:29:in `call'
actionpack (6.0.2.1) lib/action_dispatch/middleware/executor.rb:14:in `call'
actionpack (6.0.2.1) lib/action_dispatch/middleware/static.rb:126:in `call'
rack (2.0.8) lib/rack/sendfile.rb:111:in `call'
actionpack (6.0.2.1) lib/action_dispatch/middleware/host_authorization.rb:83:in `call'
webpacker (4.2.2) lib/webpacker/dev_server_proxy.rb:23:in `perform_request'
rack-proxy (0.6.5) lib/rack/proxy.rb:57:in `call'
railties (6.0.2.1) lib/rails/engine.rb:526:in `call'
puma (4.3.1) lib/puma/configuration.rb:228:in `call'
puma (4.3.1) lib/puma/server.rb:681:in `handle_request'
puma (4.3.1) lib/puma/server.rb:472:in `process_client'
puma (4.3.1) lib/puma/server.rb:328:in `block in run'
puma (4.3.1) lib/puma/thread_pool.rb:134:in `block in spawn_thread'
Started GET "/rfgrs" for ::1 at 2020-01-10 11:08:00 +0000
  
ActionController::RoutingError (No route matches [GET] "/rfgrs"):
  
actionpack (6.0.2.1) lib/action_dispatch/middleware/debug_exceptions.rb:36:in `call'
web-console (4.0.1) lib/web_console/middleware.rb:132:in `call_app'
web-console (4.0.1) lib/web_console/middleware.rb:28:in `block in call'
web-console (4.0.1) lib/web_console/middleware.rb:17:in `catch'
web-console (4.0.1) lib/web_console/middleware.rb:17:in `call'
actionpack (6.0.2.1) lib/action_dispatch/middleware/show_exceptions.rb:33:in `call'
railties (6.0.2.1) lib/rails/rack/logger.rb:38:in `call_app'
railties (6.0.2.1) lib/rails/rack/logger.rb:26:in `block in call'
activesupport (6.0.2.1) lib/active_support/tagged_logging.rb:80:in `block in tagged'
activesupport (6.0.2.1) lib/active_support/tagged_logging.rb:28:in `tagged'
activesupport (6.0.2.1) lib/active_support/tagged_logging.rb:80:in `tagged'
railties (6.0.2.1) lib/rails/rack/logger.rb:26:in `call'
sprockets-rails (3.2.1) lib/sprockets/rails/quiet_assets.rb:13:in `call'
actionpack (6.0.2.1) lib/action_dispatch/middleware/remote_ip.rb:81:in `call'
actionpack (6.0.2.1) lib/action_dispatch/middleware/request_id.rb:27:in `call'
rack (2.0.8) lib/rack/method_override.rb:22:in `call'
rack (2.0.8) lib/rack/runtime.rb:22:in `call'
activesupport (6.0.2.1) lib/active_support/cache/strategy/local_cache_middleware.rb:29:in `call'
actionpack (6.0.2.1) lib/action_dispatch/middleware/executor.rb:14:in `call'
actionpack (6.0.2.1) lib/action_dispatch/middleware/static.rb:126:in `call'
rack (2.0.8) lib/rack/sendfile.rb:111:in `call'
actionpack (6.0.2.1) lib/action_dispatch/middleware/host_authorization.rb:83:in `call'
webpacker (4.2.2) lib/webpacker/dev_server_proxy.rb:23:in `perform_request'
rack-proxy (0.6.5) lib/rack/proxy.rb:57:in `call'
railties (6.0.2.1) lib/rails/engine.rb:526:in `call'
puma (4.3.1) lib/puma/configuration.rb:228:in `call'
puma (4.3.1) lib/puma/server.rb:681:in `handle_request'
puma (4.3.1) lib/puma/server.rb:472:in `process_client'
puma (4.3.1) lib/puma/server.rb:328:in `block in run'
puma (4.3.1) lib/puma/thread_pool.rb:134:in `block in spawn_thread'
Started GET "/rfgrs" for ::1 at 2020-01-10 11:08:02 +0000
  [1m[35m (0.1ms)[0m  [1m[34mSELECT sqlite_version(*)[0m
  
ActionController::RoutingError (No route matches [GET] "/rfgrs"):
  
actionpack (6.0.2.1) lib/action_dispatch/middleware/debug_exceptions.rb:36:in `call'
web-console (4.0.1) lib/web_console/middleware.rb:132:in `call_app'
web-console (4.0.1) lib/web_console/middleware.rb:28:in `block in call'
web-console (4.0.1) lib/web_console/middleware.rb:17:in `catch'
web-console (4.0.1) lib/web_console/middleware.rb:17:in `call'
actionpack (6.0.2.1) lib/action_dispatch/middleware/show_exceptions.rb:33:in `call'
railties (6.0.2.1) lib/rails/rack/logger.rb:38:in `call_app'
railties (6.0.2.1) lib/rails/rack/logger.rb:26:in `block in call'
activesupport (6.0.2.1) lib/active_support/tagged_logging.rb:80:in `block in tagged'
activesupport (6.0.2.1) lib/active_support/tagged_logging.rb:28:in `tagged'
activesupport (6.0.2.1) lib/active_support/tagged_logging.rb:80:in `tagged'
railties (6.0.2.1) lib/rails/rack/logger.rb:26:in `call'
sprockets-rails (3.2.1) lib/sprockets/rails/quiet_assets.rb:13:in `call'
actionpack (6.0.2.1) lib/action_dispatch/middleware/remote_ip.rb:81:in `call'
actionpack (6.0.2.1) lib/action_dispatch/middleware/request_id.rb:27:in `call'
rack (2.0.8) lib/rack/method_override.rb:22:in `call'
rack (2.0.8) lib/rack/runtime.rb:22:in `call'
activesupport (6.0.2.1) lib/active_support/cache/strategy/local_cache_middleware.rb:29:in `call'
actionpack (6.0.2.1) lib/action_dispatch/middleware/executor.rb:14:in `call'
actionpack (6.0.2.1) lib/action_dispatch/middleware/static.rb:126:in `call'
rack (2.0.8) lib/rack/sendfile.rb:111:in `call'
actionpack (6.0.2.1) lib/action_dispatch/middleware/host_authorization.rb:83:in `call'
webpacker (4.2.2) lib/webpacker/dev_server_proxy.rb:23:in `perform_request'
rack-proxy (0.6.5) lib/rack/proxy.rb:57:in `call'
railties (6.0.2.1) lib/rails/engine.rb:526:in `call'
puma (4.3.1) lib/puma/configuration.rb:228:in `call'
puma (4.3.1) lib/puma/server.rb:681:in `handle_request'
puma (4.3.1) lib/puma/server.rb:472:in `process_client'
puma (4.3.1) lib/puma/server.rb:328:in `block in run'
puma (4.3.1) lib/puma/thread_pool.rb:134:in `block in spawn_thread'
  [1m[35m (1.0ms)[0m  [1m[34mSELECT sqlite_version(*)[0m
  [1m[36mFilm Load (0.4ms)[0m  [1m[34mSELECT "films".* FROM "films" WHERE "films"."id" = ? LIMIT ?[0m  [["id", 1], ["LIMIT", 1]]
  [1m[36mFilm Load (1.1ms)[0m  [1m[34mSELECT "films".* FROM "films" WHERE (start wars) LIMIT ?[0m  [["LIMIT", 1]]
  [1m[36mFilm Load (0.7ms)[0m  [1m[34mSELECT "films".* FROM "films" WHERE "films"."name" = ? LIMIT ?[0m  [["name", "start wars"], ["LIMIT", 1]]
  [1m[36mFilm Load (0.6ms)[0m  [1m[34mSELECT "films".* FROM "films" WHERE "films"."title" = ? LIMIT ?[0m  [["title", "start wars"], ["LIMIT", 1]]
Started GET "/films/1" for ::1 at 2020-01-10 11:13:35 +0000
  [1m[35m (0.1ms)[0m  [1m[34mSELECT sqlite_version(*)[0m
Processing by FilmsController#show as HTML
  Parameters: {"id"=>"1"}
  [1m[36mFilm Load (0.4ms)[0m  [1m[34mSELECT "films".* FROM "films" WHERE "films"."id" = ? LIMIT ?[0m  [["id", 1], ["LIMIT", 1]]
  ↳ app/controllers/films_controller.rb:7:in `show'
  Rendering films/show.html.erb within layouts/application
  Rendered films/show.html.erb within layouts/application (Duration: 2.1ms | Allocations: 115)
[Webpacker] Everything's up-to-date. Nothing to do
Completed 200 OK in 72ms (Views: 35.2ms | ActiveRecord: 1.2ms | Allocations: 12611)


Started GET "/films/1" for ::1 at 2020-01-10 11:13:45 +0000
Processing by FilmsController#show as HTML
  Parameters: {"id"=>"1"}
  [1m[36mFilm Load (1.2ms)[0m  [1m[34mSELECT "films".* FROM "films" WHERE "films"."id" = ? LIMIT ?[0m  [["id", 1], ["LIMIT", 1]]
  ↳ app/controllers/films_controller.rb:7:in `show'
  Rendering films/show.html.erb within layouts/application
  Rendered films/show.html.erb within layouts/application (Duration: 1.3ms | Allocations: 127)
[Webpacker] Everything's up-to-date. Nothing to do
Completed 200 OK in 44ms (Views: 38.7ms | ActiveRecord: 1.2ms | Allocations: 5821)


Started GET "/films/1" for ::1 at 2020-01-10 11:14:07 +0000
Processing by FilmsController#show as HTML
  Parameters: {"id"=>"1"}
  [1m[36mFilm Load (0.5ms)[0m  [1m[34mSELECT "films".* FROM "films" WHERE "films"."id" = ? LIMIT ?[0m  [["id", 1], ["LIMIT", 1]]
  ↳ app/controllers/films_controller.rb:7:in `show'
  Rendering films/show.html.erb within layouts/application
  Rendered films/show.html.erb within layouts/application (Duration: 0.6ms | Allocations: 166)
[Webpacker] Everything's up-to-date. Nothing to do
Completed 200 OK in 28ms (Views: 22.5ms | ActiveRecord: 0.5ms | Allocations: 5857)


Started GET "/films/1" for ::1 at 2020-01-10 11:14:36 +0000
Processing by FilmsController#show as HTML
  Parameters: {"id"=>"1"}
  [1m[36mFilm Load (0.2ms)[0m  [1m[34mSELECT "films".* FROM "films" WHERE "films"."id" = ? LIMIT ?[0m  [["id", 1], ["LIMIT", 1]]
  ↳ app/controllers/films_controller.rb:7:in `show'
  Rendering films/show.html.erb within layouts/application
  Rendered films/show.html.erb within layouts/application (Duration: 6.0ms | Allocations: 1833)
Completed 500 Internal Server Error in 13ms (ActiveRecord: 0.2ms | Allocations: 3630)


  
ActionView::Template::Error (undefined method `strfdate' for Fri, 10 Jan 2020:Date
Did you mean?  strftime):
    1: <h1><%= @film.title %></h1>
    2: <p>dir: <%= @film.director %></p>
    3: <p>runtime: <%= @film.runtime %></p>
    4: <p>release date: <%= @film.release_date.strfdate("%Y") %></p>
  
app/views/films/show.html.erb:4
Started GET "/films/1" for ::1 at 2020-01-10 11:14:42 +0000
Processing by FilmsController#show as HTML
  Parameters: {"id"=>"1"}
  [1m[36mFilm Load (0.2ms)[0m  [1m[34mSELECT "films".* FROM "films" WHERE "films"."id" = ? LIMIT ?[0m  [["id", 1], ["LIMIT", 1]]
  ↳ app/controllers/films_controller.rb:7:in `show'
  Rendering films/show.html.erb within layouts/application
  Rendered films/show.html.erb within layouts/application (Duration: 0.9ms | Allocations: 165)
[Webpacker] Everything's up-to-date. Nothing to do
Completed 200 OK in 30ms (Views: 27.4ms | ActiveRecord: 0.2ms | Allocations: 5858)


Started GET "/films/1" for ::1 at 2020-01-10 11:14:56 +0000
Processing by FilmsController#show as HTML
  Parameters: {"id"=>"1"}
  [1m[36mFilm Load (0.1ms)[0m  [1m[34mSELECT "films".* FROM "films" WHERE "films"."id" = ? LIMIT ?[0m  [["id", 1], ["LIMIT", 1]]
  ↳ app/controllers/films_controller.rb:7:in `show'
  Rendering films/show.html.erb within layouts/application
  Rendered films/show.html.erb within layouts/application (Duration: 1.6ms | Allocations: 166)
[Webpacker] Everything's up-to-date. Nothing to do
Completed 200 OK in 26ms (Views: 23.3ms | ActiveRecord: 0.1ms | Allocations: 5851)


Started GET "/films/1" for ::1 at 2020-01-10 11:15:00 +0000
Processing by FilmsController#show as HTML
  Parameters: {"id"=>"1"}
  [1m[36mFilm Load (0.4ms)[0m  [1m[34mSELECT "films".* FROM "films" WHERE "films"."id" = ? LIMIT ?[0m  [["id", 1], ["LIMIT", 1]]
  ↳ app/controllers/films_controller.rb:7:in `show'
  Rendering films/show.html.erb within layouts/application
  Rendered films/show.html.erb within layouts/application (Duration: 0.9ms | Allocations: 166)
[Webpacker] Everything's up-to-date. Nothing to do
Completed 200 OK in 37ms (Views: 32.9ms | ActiveRecord: 0.4ms | Allocations: 5860)


Started GET "/films/1" for ::1 at 2020-01-10 11:15:04 +0000
Processing by FilmsController#show as HTML
  Parameters: {"id"=>"1"}
  [1m[36mFilm Load (0.4ms)[0m  [1m[34mSELECT "films".* FROM "films" WHERE "films"."id" = ? LIMIT ?[0m  [["id", 1], ["LIMIT", 1]]
  ↳ app/controllers/films_controller.rb:7:in `show'
  Rendering films/show.html.erb within layouts/application
  Rendered films/show.html.erb within layouts/application (Duration: 1.0ms | Allocations: 169)
[Webpacker] Everything's up-to-date. Nothing to do
Completed 200 OK in 24ms (Views: 18.7ms | ActiveRecord: 0.4ms | Allocations: 5857)


Started GET "/films/1" for ::1 at 2020-01-10 11:15:13 +0000
Processing by FilmsController#show as HTML
  Parameters: {"id"=>"1"}
  [1m[36mFilm Load (0.6ms)[0m  [1m[34mSELECT "films".* FROM "films" WHERE "films"."id" = ? LIMIT ?[0m  [["id", 1], ["LIMIT", 1]]
  ↳ app/controllers/films_controller.rb:7:in `show'
  Rendering films/show.html.erb within layouts/application
  Rendered films/show.html.erb within layouts/application (Duration: 0.7ms | Allocations: 167)
[Webpacker] Everything's up-to-date. Nothing to do
Completed 200 OK in 29ms (Views: 23.0ms | ActiveRecord: 0.6ms | Allocations: 5861)


Started GET "/films/1" for ::1 at 2020-01-10 11:16:10 +0000
Processing by FilmsController#show as HTML
  Parameters: {"id"=>"1"}
  [1m[36mFilm Load (0.2ms)[0m  [1m[34mSELECT "films".* FROM "films" WHERE "films"."id" = ? LIMIT ?[0m  [["id", 1], ["LIMIT", 1]]
  ↳ app/controllers/films_controller.rb:7:in `show'
  Rendering films/show.html.erb within layouts/application
  Rendered films/show.html.erb within layouts/application (Duration: 268.8ms | Allocations: 75598)
Completed 500 Internal Server Error in 274ms (ActiveRecord: 0.2ms | Allocations: 77398)


  
ActionView::Template::Error (undefined method `edit_film_path' for #<#<Class:0x00007fa0d657a0c0>:0x00007fa0d5c5f788>
Did you mean?  edit_polymorphic_path):
    2: <p>dir: <%= @film.director %></p>
    3: <p>runtime: <%= @film.runtime %></p>
    4: <p>release date: <%= @film.release_date.strftime("%d %A %Y") %></p>
    5: <%= link_to 'edit this movie', edit_film_path(@film) %>
  
app/views/films/show.html.erb:5
Started GET "/films/1" for ::1 at 2020-01-10 11:16:30 +0000
  [1m[35m (0.3ms)[0m  [1m[34mSELECT sqlite_version(*)[0m
Processing by FilmsController#show as HTML
  Parameters: {"id"=>"1"}
  [1m[36mFilm Load (0.2ms)[0m  [1m[34mSELECT "films".* FROM "films" WHERE "films"."id" = ? LIMIT ?[0m  [["id", 1], ["LIMIT", 1]]
  ↳ app/controllers/films_controller.rb:7:in `show'
  Rendering films/show.html.erb within layouts/application
  Rendered films/show.html.erb within layouts/application (Duration: 0.3ms | Allocations: 85)
[Webpacker] Everything's up-to-date. Nothing to do
Completed 200 OK in 69ms (Views: 28.1ms | ActiveRecord: 2.0ms | Allocations: 11399)


Started GET "/films/1/edit" for ::1 at 2020-01-10 11:16:32 +0000
Processing by FilmsController#edit as HTML
  Parameters: {"id"=>"1"}
  Rendering films/edit.html.erb within layouts/application
  Rendered films/edit.html.erb within layouts/application (Duration: 0.4ms | Allocations: 89)
[Webpacker] Everything's up-to-date. Nothing to do
Completed 200 OK in 47ms (Views: 44.1ms | ActiveRecord: 0.0ms | Allocations: 4474)


Started GET "/filmsnew" for ::1 at 2020-01-10 11:16:41 +0000
  
ActionController::RoutingError (No route matches [GET] "/filmsnew"):
  
actionpack (6.0.2.1) lib/action_dispatch/middleware/debug_exceptions.rb:36:in `call'
web-console (4.0.1) lib/web_console/middleware.rb:132:in `call_app'
web-console (4.0.1) lib/web_console/middleware.rb:28:in `block in call'
web-console (4.0.1) lib/web_console/middleware.rb:17:in `catch'
web-console (4.0.1) lib/web_console/middleware.rb:17:in `call'
actionpack (6.0.2.1) lib/action_dispatch/middleware/show_exceptions.rb:33:in `call'
railties (6.0.2.1) lib/rails/rack/logger.rb:38:in `call_app'
railties (6.0.2.1) lib/rails/rack/logger.rb:26:in `block in call'
activesupport (6.0.2.1) lib/active_support/tagged_logging.rb:80:in `block in tagged'
activesupport (6.0.2.1) lib/active_support/tagged_logging.rb:28:in `tagged'
activesupport (6.0.2.1) lib/active_support/tagged_logging.rb:80:in `tagged'
railties (6.0.2.1) lib/rails/rack/logger.rb:26:in `call'
sprockets-rails (3.2.1) lib/sprockets/rails/quiet_assets.rb:13:in `call'
actionpack (6.0.2.1) lib/action_dispatch/middleware/remote_ip.rb:81:in `call'
actionpack (6.0.2.1) lib/action_dispatch/middleware/request_id.rb:27:in `call'
rack (2.0.8) lib/rack/method_override.rb:22:in `call'
rack (2.0.8) lib/rack/runtime.rb:22:in `call'
activesupport (6.0.2.1) lib/active_support/cache/strategy/local_cache_middleware.rb:29:in `call'
actionpack (6.0.2.1) lib/action_dispatch/middleware/executor.rb:14:in `call'
actionpack (6.0.2.1) lib/action_dispatch/middleware/static.rb:126:in `call'
rack (2.0.8) lib/rack/sendfile.rb:111:in `call'
actionpack (6.0.2.1) lib/action_dispatch/middleware/host_authorization.rb:83:in `call'
webpacker (4.2.2) lib/webpacker/dev_server_proxy.rb:23:in `perform_request'
rack-proxy (0.6.5) lib/rack/proxy.rb:57:in `call'
railties (6.0.2.1) lib/rails/engine.rb:526:in `call'
puma (4.3.1) lib/puma/configuration.rb:228:in `call'
puma (4.3.1) lib/puma/server.rb:681:in `handle_request'
puma (4.3.1) lib/puma/server.rb:472:in `process_client'
puma (4.3.1) lib/puma/server.rb:328:in `block in run'
puma (4.3.1) lib/puma/thread_pool.rb:134:in `block in spawn_thread'
Started GET "/films/new" for ::1 at 2020-01-10 11:16:45 +0000
Processing by FilmsController#show as HTML
  Parameters: {"id"=>"new"}
  [1m[36mFilm Load (0.3ms)[0m  [1m[34mSELECT "films".* FROM "films" WHERE "films"."id" = ? LIMIT ?[0m  [["id", nil], ["LIMIT", 1]]
  ↳ app/controllers/films_controller.rb:7:in `show'
Completed 404 Not Found in 4ms (ActiveRecord: 0.3ms | Allocations: 1138)


  
ActiveRecord::RecordNotFound (Couldn't find Film with 'id'=new):
  
app/controllers/films_controller.rb:7:in `show'
Started GET "/films/new" for ::1 at 2020-01-10 11:16:55 +0000
Processing by FilmsController#show as HTML
  Parameters: {"id"=>"new"}
  [1m[36mFilm Load (0.1ms)[0m  [1m[34mSELECT "films".* FROM "films" WHERE "films"."id" = ? LIMIT ?[0m  [["id", nil], ["LIMIT", 1]]
  ↳ app/controllers/films_controller.rb:7:in `show'
Completed 404 Not Found in 2ms (ActiveRecord: 0.1ms | Allocations: 1138)


  
ActiveRecord::RecordNotFound (Couldn't find Film with 'id'=new):
  
app/controllers/films_controller.rb:7:in `show'
Started GET "/films/new" for ::1 at 2020-01-10 11:16:56 +0000
  [1m[35m (0.1ms)[0m  [1m[34mSELECT sqlite_version(*)[0m
Processing by FilmsController#show as HTML
  Parameters: {"id"=>"new"}
  [1m[36mFilm Load (0.1ms)[0m  [1m[34mSELECT "films".* FROM "films" WHERE "films"."id" = ? LIMIT ?[0m  [["id", nil], ["LIMIT", 1]]
  ↳ app/controllers/films_controller.rb:7:in `show'
Completed 404 Not Found in 8ms (ActiveRecord: 0.8ms | Allocations: 2423)


  
ActiveRecord::RecordNotFound (Couldn't find Film with 'id'=new):
  
app/controllers/films_controller.rb:7:in `show'
Started GET "/films/new" for ::1 at 2020-01-10 11:17:06 +0000
  [1m[35m (0.1ms)[0m  [1m[34mSELECT sqlite_version(*)[0m
Processing by FilmsController#new as HTML
  Rendering films/new.html.erb within layouts/application
  Rendered films/new.html.erb within layouts/application (Duration: 0.4ms | Allocations: 89)
[Webpacker] Everything's up-to-date. Nothing to do
Completed 200 OK in 21ms (Views: 19.3ms | ActiveRecord: 0.0ms | Allocations: 4587)


Started GET "/films/new" for ::1 at 2020-01-10 11:17:57 +0000
Processing by FilmsController#new as HTML
  Rendering films/new.html.erb within layouts/application
  Rendered films/new.html.erb within layouts/application (Duration: 0.5ms | Allocations: 89)
[Webpacker] Everything's up-to-date. Nothing to do
Completed 200 OK in 31ms (Views: 29.1ms | ActiveRecord: 0.0ms | Allocations: 5263)


Started POST "/films" for ::1 at 2020-01-10 11:18:48 +0000
  [1m[35m (0.1ms)[0m  [1m[34mSELECT sqlite_version(*)[0m
Processing by FilmsController#create as HTML
  Parameters: {"film"=>{"title"=>""}}
Can't verify CSRF token authenticity.
Completed 422 Unprocessable Entity in 1ms (ActiveRecord: 0.0ms | Allocations: 439)


  
ActionController::InvalidAuthenticityToken (ActionController::InvalidAuthenticityToken):
  
actionpack (6.0.2.1) lib/action_controller/metal/request_forgery_protection.rb:217:in `handle_unverified_request'
actionpack (6.0.2.1) lib/action_controller/metal/request_forgery_protection.rb:249:in `handle_unverified_request'
actionpack (6.0.2.1) lib/action_controller/metal/request_forgery_protection.rb:244:in `verify_authenticity_token'
activesupport (6.0.2.1) lib/active_support/callbacks.rb:429:in `block in make_lambda'
activesupport (6.0.2.1) lib/active_support/callbacks.rb:201:in `block (2 levels) in halting'
actionpack (6.0.2.1) lib/abstract_controller/callbacks.rb:34:in `block (2 levels) in <module:Callbacks>'
activesupport (6.0.2.1) lib/active_support/callbacks.rb:202:in `block in halting'
activesupport (6.0.2.1) lib/active_support/callbacks.rb:514:in `block in invoke_before'
activesupport (6.0.2.1) lib/active_support/callbacks.rb:514:in `each'
activesupport (6.0.2.1) lib/active_support/callbacks.rb:514:in `invoke_before'
activesupport (6.0.2.1) lib/active_support/callbacks.rb:134:in `run_callbacks'
actionpack (6.0.2.1) lib/abstract_controller/callbacks.rb:41:in `process_action'
actionpack (6.0.2.1) lib/action_controller/metal/rescue.rb:22:in `process_action'
actionpack (6.0.2.1) lib/action_controller/metal/instrumentation.rb:33:in `block in process_action'
activesupport (6.0.2.1) lib/active_support/notifications.rb:180:in `block in instrument'
activesupport (6.0.2.1) lib/active_support/notifications/instrumenter.rb:24:in `instrument'
activesupport (6.0.2.1) lib/active_support/notifications.rb:180:in `instrument'
actionpack (6.0.2.1) lib/action_controller/metal/instrumentation.rb:32:in `process_action'
actionpack (6.0.2.1) lib/action_controller/metal/params_wrapper.rb:245:in `process_action'
activerecord (6.0.2.1) lib/active_record/railties/controller_runtime.rb:27:in `process_action'
actionpack (6.0.2.1) lib/abstract_controller/base.rb:136:in `process'
actionview (6.0.2.1) lib/action_view/rendering.rb:39:in `process'
actionpack (6.0.2.1) lib/action_controller/metal.rb:191:in `dispatch'
actionpack (6.0.2.1) lib/action_controller/metal.rb:252:in `dispatch'
actionpack (6.0.2.1) lib/action_dispatch/routing/route_set.rb:51:in `dispatch'
actionpack (6.0.2.1) lib/action_dispatch/routing/route_set.rb:33:in `serve'
actionpack (6.0.2.1) lib/action_dispatch/journey/router.rb:49:in `block in serve'
actionpack (6.0.2.1) lib/action_dispatch/journey/router.rb:32:in `each'
actionpack (6.0.2.1) lib/action_dispatch/journey/router.rb:32:in `serve'
actionpack (6.0.2.1) lib/action_dispatch/routing/route_set.rb:837:in `call'
rack (2.0.8) lib/rack/tempfile_reaper.rb:15:in `call'
rack (2.0.8) lib/rack/etag.rb:25:in `call'
rack (2.0.8) lib/rack/conditional_get.rb:38:in `call'
rack (2.0.8) lib/rack/head.rb:12:in `call'
actionpack (6.0.2.1) lib/action_dispatch/http/content_security_policy.rb:18:in `call'
rack (2.0.8) lib/rack/session/abstract/id.rb:259:in `context'
rack (2.0.8) lib/rack/session/abstract/id.rb:253:in `call'
actionpack (6.0.2.1) lib/action_dispatch/middleware/cookies.rb:648:in `call'
activerecord (6.0.2.1) lib/active_record/migration.rb:567:in `call'
actionpack (6.0.2.1) lib/action_dispatch/middleware/callbacks.rb:27:in `block in call'
activesupport (6.0.2.1) lib/active_support/callbacks.rb:101:in `run_callbacks'
actionpack (6.0.2.1) lib/action_dispatch/middleware/callbacks.rb:26:in `call'
actionpack (6.0.2.1) lib/action_dispatch/middleware/executor.rb:14:in `call'
actionpack (6.0.2.1) lib/action_dispatch/middleware/actionable_exceptions.rb:17:in `call'
actionpack (6.0.2.1) lib/action_dispatch/middleware/debug_exceptions.rb:32:in `call'
web-console (4.0.1) lib/web_console/middleware.rb:132:in `call_app'
web-console (4.0.1) lib/web_console/middleware.rb:28:in `block in call'
web-console (4.0.1) lib/web_console/middleware.rb:17:in `catch'
web-console (4.0.1) lib/web_console/middleware.rb:17:in `call'
actionpack (6.0.2.1) lib/action_dispatch/middleware/show_exceptions.rb:33:in `call'
railties (6.0.2.1) lib/rails/rack/logger.rb:38:in `call_app'
railties (6.0.2.1) lib/rails/rack/logger.rb:26:in `block in call'
activesupport (6.0.2.1) lib/active_support/tagged_logging.rb:80:in `block in tagged'
activesupport (6.0.2.1) lib/active_support/tagged_logging.rb:28:in `tagged'
activesupport (6.0.2.1) lib/active_support/tagged_logging.rb:80:in `tagged'
railties (6.0.2.1) lib/rails/rack/logger.rb:26:in `call'
sprockets-rails (3.2.1) lib/sprockets/rails/quiet_assets.rb:13:in `call'
actionpack (6.0.2.1) lib/action_dispatch/middleware/remote_ip.rb:81:in `call'
actionpack (6.0.2.1) lib/action_dispatch/middleware/request_id.rb:27:in `call'
rack (2.0.8) lib/rack/method_override.rb:22:in `call'
rack (2.0.8) lib/rack/runtime.rb:22:in `call'
activesupport (6.0.2.1) lib/active_support/cache/strategy/local_cache_middleware.rb:29:in `call'
actionpack (6.0.2.1) lib/action_dispatch/middleware/executor.rb:14:in `call'
actionpack (6.0.2.1) lib/action_dispatch/middleware/static.rb:126:in `call'
rack (2.0.8) lib/rack/sendfile.rb:111:in `call'
actionpack (6.0.2.1) lib/action_dispatch/middleware/host_authorization.rb:83:in `call'
webpacker (4.2.2) lib/webpacker/dev_server_proxy.rb:23:in `perform_request'
rack-proxy (0.6.5) lib/rack/proxy.rb:57:in `call'
railties (6.0.2.1) lib/rails/engine.rb:526:in `call'
puma (4.3.1) lib/puma/configuration.rb:228:in `call'
puma (4.3.1) lib/puma/server.rb:681:in `handle_request'
puma (4.3.1) lib/puma/server.rb:472:in `process_client'
puma (4.3.1) lib/puma/server.rb:328:in `block in run'
puma (4.3.1) lib/puma/thread_pool.rb:134:in `block in spawn_thread'
Started GET "/films/new" for ::1 at 2020-01-10 11:20:40 +0000
Processing by FilmsController#new as HTML
  Rendering films/new.html.erb within layouts/application
  Rendered films/new.html.erb within layouts/application (Duration: 1.8ms | Allocations: 636)
[Webpacker] Everything's up-to-date. Nothing to do
Completed 200 OK in 22ms (Views: 20.1ms | ActiveRecord: 0.0ms | Allocations: 5817)


Started GET "/films/new" for ::1 at 2020-01-10 11:23:40 +0000
Processing by FilmsController#new as HTML
  Rendering films/new.html.erb within layouts/application
  Rendered films/new.html.erb within layouts/application (Duration: 0.8ms | Allocations: 226)
[Webpacker] Everything's up-to-date. Nothing to do
Completed 200 OK in 25ms (Views: 22.4ms | ActiveRecord: 0.0ms | Allocations: 5395)


Started GET "/films/new" for ::1 at 2020-01-10 11:23:51 +0000
Processing by FilmsController#new as HTML
  Rendering films/new.html.erb within layouts/application
  Rendered films/new.html.erb within layouts/application (Duration: 1.4ms | Allocations: 1083)
Completed 500 Internal Server Error in 6ms (ActiveRecord: 0.0ms | Allocations: 2359)


  
ActionView::Template::Error (No route matches {:action=>"show", :controller=>"films"}, missing required keys: [:id]):
    4:     <input type="submit" />
    5: </form>
    6: 
    7: <%= form_tag(film_path) do |form| %>
    8: 
    9: <% end %>
  
app/views/films/new.html.erb:7
Started GET "/films/new" for ::1 at 2020-01-10 11:24:02 +0000
Processing by FilmsController#new as HTML
  Rendering films/new.html.erb within layouts/application
  Rendered films/new.html.erb within layouts/application (Duration: 1.1ms | Allocations: 258)
[Webpacker] Everything's up-to-date. Nothing to do
Completed 200 OK in 20ms (Views: 17.5ms | ActiveRecord: 0.0ms | Allocations: 5435)


Started GET "/films/new" for ::1 at 2020-01-10 11:24:27 +0000
Processing by FilmsController#new as HTML
  Rendering films/new.html.erb within layouts/application
  Rendered films/new.html.erb within layouts/application (Duration: 2.4ms | Allocations: 307)
[Webpacker] Everything's up-to-date. Nothing to do
Completed 200 OK in 30ms (Views: 26.0ms | ActiveRecord: 0.0ms | Allocations: 5480)


Started GET "/films/new" for ::1 at 2020-01-10 11:24:37 +0000
Processing by FilmsController#new as HTML
  Rendering films/new.html.erb within layouts/application
  Rendered films/new.html.erb within layouts/application (Duration: 0.9ms | Allocations: 308)
[Webpacker] Everything's up-to-date. Nothing to do
Completed 200 OK in 17ms (Views: 15.6ms | ActiveRecord: 0.0ms | Allocations: 5480)


Started POST "/films" for ::1 at 2020-01-10 11:24:42 +0000
Processing by FilmsController#create as HTML
  Parameters: {"authenticity_token"=>"w2z4wcLbG0dzPJUM8Am0Y7RSf81EIqd0Dv4L1wogZyvkW6yhmj2GI7ipqAo19lDTntMtx+xUpPOG3i2AVNukog==", "commit"=>"create film"}
Completed 500 Internal Server Error in 63564ms (ActiveRecord: 0.0ms | Allocations: 71184)


  
SystemExit (exit):
  
(byebug):1:in `exit'
(byebug):1:in `create'
app/controllers/films_controller.rb:17:in `create'
Started GET "/films/new" for ::1 at 2020-01-10 11:25:57 +0000
Processing by FilmsController#new as HTML
  Rendering films/new.html.erb within layouts/application
  Rendered films/new.html.erb within layouts/application (Duration: 26.4ms | Allocations: 93610)
[Webpacker] Everything's up-to-date. Nothing to do
Completed 200 OK in 340ms (Views: 297.8ms | ActiveRecord: 0.0ms | Allocations: 985807)


Started GET "/films/new" for ::1 at 2020-01-10 11:26:03 +0000
Processing by FilmsController#new as HTML
  Rendering films/new.html.erb within layouts/application
  Rendered films/new.html.erb within layouts/application (Duration: 22.4ms | Allocations: 109781)
[Webpacker] Everything's up-to-date. Nothing to do
Completed 200 OK in 355ms (Views: 257.6ms | ActiveRecord: 0.0ms | Allocations: 1155997)


Started POST "/films" for ::1 at 2020-01-10 11:26:09 +0000
Processing by FilmsController#create as HTML
  Parameters: {"authenticity_token"=>"29moX9YJ4bqT3MLNOP9Vcf07wqP5PlJyLUSDs2xCiln87vw/ju983lhJ/8v9ALHB17qQqVFIUfWlZKXkMrlJ0A==", "film"=>{"title"=>"star wars 2"}, "commit"=>"create film"}
  Rendering films/create.html.erb within layouts/application
  Rendered films/create.html.erb within layouts/application (Duration: 1.0ms | Allocations: 94)
[Webpacker] Everything's up-to-date. Nothing to do
Completed 200 OK in 75397ms (Views: 20.9ms | ActiveRecord: 0.0ms | Allocations: 207605)


Started GET "/films/new" for ::1 at 2020-01-10 11:28:09 +0000
Processing by FilmsController#new as HTML
  Rendering films/new.html.erb within layouts/application
  Rendered films/new.html.erb within layouts/application (Duration: 2.9ms | Allocations: 352)
[Webpacker] Everything's up-to-date. Nothing to do
Completed 200 OK in 24ms (Views: 22.1ms | ActiveRecord: 0.0ms | Allocations: 5529)


Started GET "/films/new" for ::1 at 2020-01-10 11:29:09 +0000
Processing by FilmsController#new as HTML
  Rendering films/new.html.erb within layouts/application
  Rendered films/new.html.erb within layouts/application (Duration: 1.1ms | Allocations: 540)
[Webpacker] Everything's up-to-date. Nothing to do
Completed 200 OK in 23ms (Views: 20.2ms | ActiveRecord: 0.0ms | Allocations: 5720)


Started GET "/films/new" for ::1 at 2020-01-10 11:29:40 +0000
Processing by FilmsController#new as HTML
  Rendering films/new.html.erb within layouts/application
  Rendered films/new.html.erb within layouts/application (Duration: 3.9ms | Allocations: 541)
[Webpacker] Everything's up-to-date. Nothing to do
Completed 200 OK in 36ms (Views: 32.7ms | ActiveRecord: 0.0ms | Allocations: 5710)


Started GET "/films/new" for ::1 at 2020-01-10 11:29:47 +0000
Processing by FilmsController#new as HTML
  Rendering films/new.html.erb within layouts/application
  Rendered films/new.html.erb within layouts/application (Duration: 1.5ms | Allocations: 535)
[Webpacker] Everything's up-to-date. Nothing to do
Completed 200 OK in 21ms (Views: 19.6ms | ActiveRecord: 0.0ms | Allocations: 5708)


Started GET "/films/new" for ::1 at 2020-01-10 11:30:01 +0000
Processing by FilmsController#new as HTML
  Rendering films/new.html.erb within layouts/application
  Rendered films/new.html.erb within layouts/application (Duration: 2.1ms | Allocations: 536)
[Webpacker] Everything's up-to-date. Nothing to do
Completed 200 OK in 30ms (Views: 28.2ms | ActiveRecord: 0.0ms | Allocations: 5709)


Started GET "/films/new" for ::1 at 2020-01-10 11:30:48 +0000
Processing by FilmsController#new as HTML
  Rendering films/new.html.erb within layouts/application
  Rendered films/new.html.erb within layouts/application (Duration: 1.6ms | Allocations: 581)
[Webpacker] Everything's up-to-date. Nothing to do
Completed 200 OK in 23ms (Views: 18.8ms | ActiveRecord: 0.0ms | Allocations: 5752)


Started GET "/films/new" for ::1 at 2020-01-10 11:31:08 +0000
Processing by FilmsController#new as HTML
  Rendering films/new.html.erb within layouts/application
  Rendered films/new.html.erb within layouts/application (Duration: 1.3ms | Allocations: 572)
[Webpacker] Everything's up-to-date. Nothing to do
Completed 200 OK in 27ms (Views: 23.6ms | ActiveRecord: 0.0ms | Allocations: 5739)


Started POST "/films" for ::1 at 2020-01-10 11:31:27 +0000
Processing by FilmsController#create as HTML
  Parameters: {"authenticity_token"=>"1z/DQlMzxXsVcxIbhwQdJrJn06ZJa7sbbniy1+gpQrPwCJciC9VYH97mLx1C+/mWmOaBrOEduJzmWJSAttKBOg==", "film"=>{"title"=>"star wars 2", "director"=>"nill liucas", "runtime"=>"300", "genre"=>"sci fi", "date"=>"2020-01-17"}, "commit"=>"create film"}
  Rendering films/create.html.erb within layouts/application
  Rendered films/create.html.erb within layouts/application (Duration: 1.2ms | Allocations: 440)
[Webpacker] Everything's up-to-date. Nothing to do
Completed 200 OK in 102517ms (Views: 33.1ms | ActiveRecord: 0.0ms | Allocations: 11434)


Started GET "/films/new" for ::1 at 2020-01-10 11:33:15 +0000
Processing by FilmsController#new as HTML
  Rendering films/new.html.erb within layouts/application
  Rendered films/new.html.erb within layouts/application (Duration: 0.7ms | Allocations: 337)
[Webpacker] Everything's up-to-date. Nothing to do
Completed 200 OK in 19ms (Views: 18.5ms | ActiveRecord: 0.0ms | Allocations: 4735)


Started POST "/films" for ::1 at 2020-01-10 11:33:18 +0000
Processing by FilmsController#create as HTML
  Parameters: {"authenticity_token"=>"PQ63pQ1sgaUSKczYq1ny+FHMsNvweTlhS7Bc/YqZsewaOePFVYocwdm88d5uphZIe03i0VgPOubDkHqq1GJyZQ==", "film"=>{"title"=>"star wars 2", "director"=>"nill liucas", "runtime"=>"300", "genre"=>"sci fi", "date"=>"2020-01-17"}, "commit"=>"create film"}
Completed 500 Internal Server Error in 17ms (ActiveRecord: 0.8ms | Allocations: 6917)


  
ActiveModel::UnknownAttributeError (unknown attribute 'date' for Film.):
  
app/controllers/films_controller.rb:16:in `create'
Started POST "/films" for ::1 at 2020-01-10 11:33:51 +0000
  [1m[35m (0.1ms)[0m  [1m[34mSELECT sqlite_version(*)[0m
Processing by FilmsController#create as HTML
  Parameters: {"authenticity_token"=>"PQ63pQ1sgaUSKczYq1ny+FHMsNvweTlhS7Bc/YqZsewaOePFVYocwdm88d5uphZIe03i0VgPOubDkHqq1GJyZQ==", "film"=>{"title"=>"star wars 2", "director"=>"nill liucas", "runtime"=>"300", "genre"=>"sci fi", "date"=>"2020-01-17"}, "commit"=>"create film"}
  [1m[35m (0.1ms)[0m  [1m[36mbegin transaction[0m
  ↳ app/controllers/films_controller.rb:16:in `create'
  [1m[36mFilm Create (0.7ms)[0m  [1m[32mINSERT INTO "films" ("title", "runtime", "director", "genre", "created_at", "updated_at") VALUES (?, ?, ?, ?, ?, ?)[0m  [["title", "star wars 2"], ["runtime", 300], ["director", "nill liucas"], ["genre", "sci fi"], ["created_at", "2020-01-10 11:33:52.130875"], ["updated_at", "2020-01-10 11:33:52.130875"]]
  ↳ app/controllers/films_controller.rb:16:in `create'
  [1m[35m (3.2ms)[0m  [1m[36mcommit transaction[0m
  ↳ app/controllers/films_controller.rb:16:in `create'
Completed 500 Internal Server Error in 396ms (ActiveRecord: 7.8ms | Allocations: 61471)


  
NoMethodError (undefined method `redirect' for #<FilmsController:0x00007fa0d4e51ce0>
Did you mean?  redirect_to):
  
app/controllers/films_controller.rb:23:in `create'
Started POST "/films" for ::1 at 2020-01-10 11:33:59 +0000
  [1m[35m (0.1ms)[0m  [1m[34mSELECT sqlite_version(*)[0m
Processing by FilmsController#create as HTML
  Parameters: {"authenticity_token"=>"PQ63pQ1sgaUSKczYq1ny+FHMsNvweTlhS7Bc/YqZsewaOePFVYocwdm88d5uphZIe03i0VgPOubDkHqq1GJyZQ==", "film"=>{"title"=>"star wars 2", "director"=>"nill liucas", "runtime"=>"300", "genre"=>"sci fi", "date"=>"2020-01-17"}, "commit"=>"create film"}
  [1m[35m (0.3ms)[0m  [1m[36mbegin transaction[0m
  ↳ app/controllers/films_controller.rb:16:in `create'
  [1m[36mFilm Create (0.6ms)[0m  [1m[32mINSERT INTO "films" ("title", "runtime", "director", "genre", "created_at", "updated_at") VALUES (?, ?, ?, ?, ?, ?)[0m  [["title", "star wars 2"], ["runtime", 300], ["director", "nill liucas"], ["genre", "sci fi"], ["created_at", "2020-01-10 11:34:00.109270"], ["updated_at", "2020-01-10 11:34:00.109270"]]
  ↳ app/controllers/films_controller.rb:16:in `create'
  [1m[35m (2.5ms)[0m  [1m[36mcommit transaction[0m
  ↳ app/controllers/films_controller.rb:16:in `create'
Redirected to http://localhost:3000/films/3
Completed 302 Found in 37ms (ActiveRecord: 5.0ms | Allocations: 8688)


Started GET "/films/3" for ::1 at 2020-01-10 11:34:00 +0000
Processing by FilmsController#show as HTML
  Parameters: {"id"=>"3"}
  [1m[36mFilm Load (0.2ms)[0m  [1m[34mSELECT "films".* FROM "films" WHERE "films"."id" = ? LIMIT ?[0m  [["id", 3], ["LIMIT", 1]]
  ↳ app/controllers/films_controller.rb:7:in `show'
  Rendering films/show.html.erb within layouts/application
  Rendered films/show.html.erb within layouts/application (Duration: 4.8ms | Allocations: 1361)
Completed 500 Internal Server Error in 19ms (ActiveRecord: 0.2ms | Allocations: 3297)


  
ActionView::Template::Error (undefined method `strftime' for nil:NilClass):
    1: <h1><%= @film.title %></h1>
    2: <p>dir: <%= @film.director %></p>
    3: <p>runtime: <%= @film.runtime %></p>
    4: <p>release date: <%= @film.release_date.strftime("%d %A %Y") %></p>
    5: <%= link_to 'edit this movie', edit_film_path(@film) %>
  
app/views/films/show.html.erb:4
  [1m[35m (2.5ms)[0m  [1m[34mSELECT sqlite_version(*)[0m
  [1m[36mFilm Load (0.5ms)[0m  [1m[34mSELECT "films".* FROM "films" ORDER BY "films"."id" DESC LIMIT ?[0m  [["LIMIT", 1]]
Started GET "/films/new" for ::1 at 2020-01-10 11:34:27 +0000
Processing by FilmsController#new as HTML
  Rendering films/new.html.erb within layouts/application
  Rendered films/new.html.erb within layouts/application (Duration: 2.3ms | Allocations: 574)
[Webpacker] Everything's up-to-date. Nothing to do
Completed 200 OK in 30ms (Views: 26.3ms | ActiveRecord: 0.0ms | Allocations: 5140)


Started POST "/films" for ::1 at 2020-01-10 11:34:42 +0000
Processing by FilmsController#create as HTML
  Parameters: {"authenticity_token"=>"h/tKd99JoXhHilX85N8oJeyQ3+8oi7hEIN5OWFPQE/SgzB4Xh688HIwfaPohIMyVxhGN5YD9u8Oo/mgPDSvQfQ==", "film"=>{"title"=>"star wars 3", "director"=>"nill liucas", "runtime"=>"3", "genre"=>"sci fi", "release_date"=>"2020-01-24"}, "commit"=>"create film"}
  [1m[35m (0.1ms)[0m  [1m[36mbegin transaction[0m
  ↳ app/controllers/films_controller.rb:16:in `create'
  [1m[36mFilm Create (0.5ms)[0m  [1m[32mINSERT INTO "films" ("title", "runtime", "director", "genre", "release_date", "created_at", "updated_at") VALUES (?, ?, ?, ?, ?, ?, ?)[0m  [["title", "star wars 3"], ["runtime", 3], ["director", "nill liucas"], ["genre", "sci fi"], ["release_date", "2020-01-24"], ["created_at", "2020-01-10 11:34:42.468886"], ["updated_at", "2020-01-10 11:34:42.468886"]]
  ↳ app/controllers/films_controller.rb:16:in `create'
  [1m[35m (1.3ms)[0m  [1m[36mcommit transaction[0m
  ↳ app/controllers/films_controller.rb:16:in `create'
Redirected to http://localhost:3000/films/4
Completed 302 Found in 8ms (ActiveRecord: 1.9ms | Allocations: 2599)


Started GET "/films/4" for ::1 at 2020-01-10 11:34:42 +0000
Processing by FilmsController#show as HTML
  Parameters: {"id"=>"4"}
  [1m[36mFilm Load (0.2ms)[0m  [1m[34mSELECT "films".* FROM "films" WHERE "films"."id" = ? LIMIT ?[0m  [["id", 4], ["LIMIT", 1]]
  ↳ app/controllers/films_controller.rb:7:in `show'
  Rendering films/show.html.erb within layouts/application
  Rendered films/show.html.erb within layouts/application (Duration: 0.3ms | Allocations: 80)
[Webpacker] Everything's up-to-date. Nothing to do
Completed 200 OK in 35ms (Views: 32.6ms | ActiveRecord: 0.2ms | Allocations: 4839)


Started GET "/films/4/edit" for ::1 at 2020-01-10 11:36:18 +0000
Processing by FilmsController#edit as HTML
  Parameters: {"id"=>"4"}
  Rendering films/edit.html.erb within layouts/application
  Rendered films/edit.html.erb within layouts/application (Duration: 1.5ms | Allocations: 1195)
Completed 500 Internal Server Error in 7ms (ActiveRecord: 0.0ms | Allocations: 2475)


  
ActionView::Template::Error (No route matches {:action=>"show", :controller=>"films", :id=>nil}, missing required keys: [:id]):
    1: <h1>Films#new</h1>
    2: 
    3: <%= form_tag(film_path(@film)) do |form| %>
    4:     <%= text_field_tag :'film[title]', @film.title, {placeholder: 'title'} %>
    5:     <%= text_field_tag :'film[director]', @film.director, {placeholder: 'director'} %>
    6:     <%= number_field_tag :'film[runtime]', @film.runtime, {placeholder: 'runtime'} %>
  
app/views/films/edit.html.erb:3
Started GET "/films/4/edit" for ::1 at 2020-01-10 11:36:39 +0000
Processing by FilmsController#edit as HTML
  Parameters: {"id"=>"4"}
  Rendering films/edit.html.erb within layouts/application
  Rendered films/edit.html.erb within layouts/application (Duration: 1.2ms | Allocations: 953)
Completed 500 Internal Server Error in 4ms (ActiveRecord: 0.0ms | Allocations: 1487)


  
ActionView::Template::Error (No route matches {:action=>"show", :controller=>"films", :id=>nil}, missing required keys: [:id]):
    1: <h1>Films#new</h1>
    2: 
    3: <%= form_tag(film_path(@film)) do |form| %>
    4:     <%= text_field_tag :'film[title]', @film.title, {placeholder: 'title'} %>
    5:     <%= text_field_tag :'film[director]', @film.director, {placeholder: 'director'} %>
    6:     <%= number_field_tag :'film[runtime]', @film.runtime, {placeholder: 'runtime'} %>
  
app/views/films/edit.html.erb:3
Started GET "/films/4/edit" for ::1 at 2020-01-10 11:36:41 +0000
  [1m[35m (0.2ms)[0m  [1m[34mSELECT sqlite_version(*)[0m
Processing by FilmsController#edit as HTML
  Parameters: {"id"=>"4"}
  [1m[36mFilm Load (0.2ms)[0m  [1m[34mSELECT "films".* FROM "films" WHERE "films"."id" = ? LIMIT ?[0m  [["id", 4], ["LIMIT", 1]]
  ↳ app/controllers/films_controller.rb:27:in `edit'
  Rendering films/edit.html.erb within layouts/application
  Rendered films/edit.html.erb within layouts/application (Duration: 1.3ms | Allocations: 390)
[Webpacker] Everything's up-to-date. Nothing to do
Completed 200 OK in 61ms (Views: 34.9ms | ActiveRecord: 1.0ms | Allocations: 11674)


Started GET "/films/4/edit" for ::1 at 2020-01-10 11:37:09 +0000
Processing by FilmsController#edit as HTML
  Parameters: {"id"=>"4"}
  [1m[36mFilm Load (0.2ms)[0m  [1m[34mSELECT "films".* FROM "films" WHERE "films"."id" = ? LIMIT ?[0m  [["id", 4], ["LIMIT", 1]]
  ↳ app/controllers/films_controller.rb:27:in `edit'
  Rendering films/edit.html.erb within layouts/application
  Rendered films/edit.html.erb within layouts/application (Duration: 1.6ms | Allocations: 646)
[Webpacker] Everything's up-to-date. Nothing to do
Completed 200 OK in 40ms (Views: 36.7ms | ActiveRecord: 0.2ms | Allocations: 6336)


Started PATCH "/films/4" for ::1 at 2020-01-10 11:38:05 +0000
  [1m[35m (0.1ms)[0m  [1m[34mSELECT sqlite_version(*)[0m
Processing by FilmsController#update as HTML
  Parameters: {"authenticity_token"=>"nHjpA9C1V+7BLxDXYfVdDJbAHfNjPuDms80cZZqbaau7T71jiFPKigq6LdGkCrm8vEFP+ctI42E77ToyxGCqIg==", "film"=>{"title"=>"star wars 7", "director"=>"nill liucas", "runtime"=>"3", "genre"=>"sci fi", "release_date"=>"2020-01-24"}, "commit"=>"create film", "id"=>"4"}
  [1m[36mFilm Load (0.5ms)[0m  [1m[34mSELECT "films".* FROM "films" WHERE "films"."id" = ? LIMIT ?[0m  [["id", 4], ["LIMIT", 1]]
  ↳ app/controllers/films_controller.rb:31:in `update'
  [1m[35m (0.1ms)[0m  [1m[36mbegin transaction[0m
  ↳ app/controllers/films_controller.rb:32:in `update'
  [1m[36mFilm Update (1.1ms)[0m  [1m[33mUPDATE "films" SET "title" = ?, "updated_at" = ? WHERE "films"."id" = ?[0m  [["title", "star wars 7"], ["updated_at", "2020-01-10 11:38:06.097648"], ["id", 4]]
  ↳ app/controllers/films_controller.rb:32:in `update'
  [1m[35m (1.2ms)[0m  [1m[36mcommit transaction[0m
  ↳ app/controllers/films_controller.rb:32:in `update'
Redirected to http://localhost:3000/films/4
Completed 302 Found in 54ms (ActiveRecord: 3.4ms | Allocations: 9391)


Started GET "/films/4" for ::1 at 2020-01-10 11:38:06 +0000
  [1m[35m (0.1ms)[0m  [1m[34mSELECT sqlite_version(*)[0m
Processing by FilmsController#show as HTML
  Parameters: {"id"=>"4"}
  [1m[36mFilm Load (0.3ms)[0m  [1m[34mSELECT "films".* FROM "films" WHERE "films"."id" = ? LIMIT ?[0m  [["id", 4], ["LIMIT", 1]]
  ↳ app/controllers/films_controller.rb:7:in `show'
  Rendering films/show.html.erb within layouts/application
  Rendered films/show.html.erb within layouts/application (Duration: 2.6ms | Allocations: 241)
[Webpacker] Everything's up-to-date. Nothing to do
Completed 200 OK in 74ms (Views: 27.0ms | ActiveRecord: 1.2ms | Allocations: 11507)


